

***********************************************************************
Fatal NI connect error 12638, connecting to:
 (DESCRIPTION=(ADDRESS=(PROTOCOL=BEQ)(PROGRAM=oracle)(ARGV0=oracleORACLE)(ARGS='(DESCRIPTION=(LOCAL=YES)(ADDRESS=(PROTOCOL=beq)))'))(CONNECT_DATA=(SID=ORACLE)(CID=(PROGRAM=C:\ACS\G-ACCESS.exe)(HOST=AG)(USER=printer))))

  VERSION INFORMATION:
	TNS for 32-bit Windows: Version 8.1.6.0.0 - Production
	Oracle Bequeath NT Protocol Adapter for 32-bit Windows: Version 8.1.6.0.0 - Production
  Time: 01-SEP-2007 10:29:50
  Tracing not turned on.
  Tns error struct:
    nr err code: 0
    ns main err code: 12638
    TNS-12638: Credential retrieval failed
    ns secondary err code: 0
    nt main err code: 0
    nt secondary err code: 0
    nt OS err code: 0


***********************************************************************
Fatal NI connect error 12638, connecting to:
 (DESCRIPTION=(ADDRESS=(PROTOCOL=BEQ)(PROGRAM=oracle)(ARGV0=oracleORACLE)(ARGS='(DESCRIPTION=(LOCAL=YES)(ADDRESS=(PROTOCOL=beq)))'))(CONNECT_DATA=(SID=ORACLE)(CID=(PROGRAM=C:\ACS\G-ACCESS.exe)(HOST=AG)(USER=printer))))

  VERSION INFORMATION:
	TNS for 32-bit Windows: Version 8.1.6.0.0 - Production
	Oracle Bequeath NT Protocol Adapter for 32-bit Windows: Version 8.1.6.0.0 - Production
  Time: 01-SEP-2007 10:29:59
  Tracing not turned on.
  Tns error struct:
    nr err code: 0
    ns main err code: 12638
    TNS-12638: Credential retrieval failed
    ns secondary err code: 0
    nt main err code: 0
    nt secondary err code: 0
    nt OS err code: 0


***********************************************************************
Fatal NI connect error 12638, connecting to:
 (DESCRIPTION=(ADDRESS=(PROTOCOL=BEQ)(PROGRAM=oracle)(ARGV0=oracleORACLE)(ARGS='(DESCRIPTION=(LOCAL=YES)(ADDRESS=(PROTOCOL=beq)))'))(CONNECT_DATA=(SID=ORACLE)(CID=(PROGRAM=C:\ACS\G-ACCESS.exe)(HOST=AG)(USER=printer))))

  VERSION INFORMATION:
	TNS for 32-bit Windows: Version 8.1.6.0.0 - Production
	Oracle Bequeath NT Protocol Adapter for 32-bit Windows: Version 8.1.6.0.0 - Production
  Time: 01-SEP-2007 10:30:06
  Tracing not turned on.
  Tns error struct:
    nr err code: 0
    ns main err code: 12638
    TNS-12638: Credential retrieval failed
    ns secondary err code: 0
    nt main err code: 0
    nt secondary err code: 0
    nt OS err code: 0


***********************************************************************
Fatal NI connect error 12638, connecting to:
 (DESCRIPTION=(ADDRESS=(PROTOCOL=BEQ)(PROGRAM=oracle)(ARGV0=oracleORACLE)(ARGS='(DESCRIPTION=(LOCAL=YES)(ADDRESS=(PROTOCOL=beq)))'))(CONNECT_DATA=(SID=ORACLE)(CID=(PROGRAM=C:\ACS\G-ACCESS.exe)(HOST=AG)(USER=printer))))

  VERSION INFORMATION:
	TNS for 32-bit Windows: Version 8.1.6.0.0 - Production
	Oracle Bequeath NT Protocol Adapter for 32-bit Windows: Version 8.1.6.0.0 - Production
  Time: 01-SEP-2007 10:32:04
  Tracing not turned on.
  Tns error struct:
    nr err code: 0
    ns main err code: 12638
    TNS-12638: Credential retrieval failed
    ns secondary err code: 0
    nt main err code: 0
    nt secondary err code: 0
    nt OS err code: 0


***********************************************************************
Fatal NI connect error 12638, connecting to:
 (DESCRIPTION=(ADDRESS=(PROTOCOL=BEQ)(PROGRAM=oracle)(ARGV0=oracleORACLE)(ARGS='(DESCRIPTION=(LOCAL=YES)(ADDRESS=(PROTOCOL=beq)))'))(CONNECT_DATA=(SID=ORACLE)(CID=(PROGRAM=C:\ACS\G-ACCESS.exe)(HOST=AG)(USER=printer))))

  VERSION INFORMATION:
	TNS for 32-bit Windows: Version 8.1.6.0.0 - Production
	Oracle Bequeath NT Protocol Adapter for 32-bit Windows: Version 8.1.6.0.0 - Production
  Time: 01-SEP-2007 10:33:45
  Tracing not turned on.
  Tns error struct:
    nr err code: 0
    ns main err code: 12638
    TNS-12638: Credential retrieval failed
    ns secondary err code: 0
    nt main err code: 0
    nt secondary err code: 0
    nt OS err code: 0


***********************************************************************
Fatal NI connect error 12638, connecting to:
 (DESCRIPTION=(ADDRESS=(PROTOCOL=BEQ)(PROGRAM=oracle)(ARGV0=oracleORACLE)(ARGS='(DESCRIPTION=(LOCAL=YES)(ADDRESS=(PROTOCOL=beq)))'))(CONNECT_DATA=(SID=ORACLE)(CID=(PROGRAM=C:\ACS\G-ACCESS.exe)(HOST=AG)(USER=printer))))

  VERSION INFORMATION:
	TNS for 32-bit Windows: Version 8.1.6.0.0 - Production
	Oracle Bequeath NT Protocol Adapter for 32-bit Windows: Version 8.1.6.0.0 - Production
  Time: 01-SEP-2007 10:39:27
  Tracing not turned on.
  Tns error struct:
    nr err code: 0
    ns main err code: 12638
    TNS-12638: Credential retrieval failed
    ns secondary err code: 0
    nt main err code: 0
    nt secondary err code: 0
    nt OS err code: 0


***********************************************************************
Fatal NI connect error 12638, connecting to:
 (DESCRIPTION=(ADDRESS=(PROTOCOL=BEQ)(PROGRAM=oracle)(ARGV0=oracleORACLE)(ARGS='(DESCRIPTION=(LOCAL=YES)(ADDRESS=(PROTOCOL=beq)))'))(CONNECT_DATA=(SID=ORACLE)(CID=(PROGRAM=C:\ACS\G-ACCESS.exe)(HOST=AG)(USER=printer))))

  VERSION INFORMATION:
	TNS for 32-bit Windows: Version 8.1.6.0.0 - Production
	Oracle Bequeath NT Protocol Adapter for 32-bit Windows: Version 8.1.6.0.0 - Production
  Time: 25-SEP-2007 15:48:56
  Tracing not turned on.
  Tns error struct:
    nr err code: 0
    ns main err code: 12638
    TNS-12638: Credential retrieval failed
    ns secondary err code: 0
    nt main err code: 0
    nt secondary err code: 0
    nt OS err code: 0


***********************************************************************
Fatal NI connect error 12638, connecting to:
 (DESCRIPTION=(ADDRESS=(PROTOCOL=BEQ)(PROGRAM=oracle)(ARGV0=oracleORACLE)(ARGS='(DESCRIPTION=(LOCAL=YES)(ADDRESS=(PROTOCOL=beq)))'))(CONNECT_DATA=(SID=ORACLE)(CID=(PROGRAM=C:\ACS\G-ACCESS.exe)(HOST=AG)(USER=printer))))

  VERSION INFORMATION:
	TNS for 32-bit Windows: Version 8.1.6.0.0 - Production
	Oracle Bequeath NT Protocol Adapter for 32-bit Windows: Version 8.1.6.0.0 - Production
  Time: 25-SEP-2007 15:49:14
  Tracing not turned on.
  Tns error struct:
    nr err code: 0
    ns main err code: 12638
    TNS-12638: Credential retrieval failed
    ns secondary err code: 0
    nt main err code: 0
    nt secondary err code: 0
    nt OS err code: 0


***********************************************************************
Fatal NI connect error 12638, connecting to:
 (DESCRIPTION=(ADDRESS=(PROTOCOL=BEQ)(PROGRAM=oracle)(ARGV0=oracleORACLE)(ARGS='(DESCRIPTION=(LOCAL=YES)(ADDRESS=(PROTOCOL=beq)))'))(CONNECT_DATA=(SID=ORACLE)(CID=(PROGRAM=C:\ACS\G-ACCESS.exe)(HOST=AG)(USER=printer))))

  VERSION INFORMATION:
	TNS for 32-bit Windows: Version 8.1.6.0.0 - Production
	Oracle Bequeath NT Protocol Adapter for 32-bit Windows: Version 8.1.6.0.0 - Production
  Time: 25-SEP-2007 15:50:07
  Tracing not turned on.
  Tns error struct:
    nr err code: 0
    ns main err code: 12638
    TNS-12638: Credential retrieval failed
    ns secondary err code: 0
    nt main err code: 0
    nt secondary err code: 0
    nt OS err code: 0


***********************************************************************
Fatal NI connect error 12638, connecting to:
 (DESCRIPTION=(ADDRESS=(PROTOCOL=BEQ)(PROGRAM=oracle)(ARGV0=oracleORACLE)(ARGS='(DESCRIPTION=(LOCAL=YES)(ADDRESS=(PROTOCOL=beq)))'))(CONNECT_DATA=(SID=ORACLE)(CID=(PROGRAM=C:\ACS\G-ACCESS.exe)(HOST=AG)(USER=printer))))

  VERSION INFORMATION:
	TNS for 32-bit Windows: Version 8.1.6.0.0 - Production
	Oracle Bequeath NT Protocol Adapter for 32-bit Windows: Version 8.1.6.0.0 - Production
  Time: 25-SEP-2007 15:51:44
  Tracing not turned on.
  Tns error struct:
    nr err code: 0
    ns main err code: 12638
    TNS-12638: Credential retrieval failed
    ns secondary err code: 0
    nt main err code: 0
    nt secondary err code: 0
    nt OS err code: 0


***********************************************************************
Fatal NI connect error 12638, connecting to:
 (DESCRIPTION=(ADDRESS=(PROTOCOL=BEQ)(PROGRAM=oracle)(ARGV0=oracleORACLE)(ARGS='(DESCRIPTION=(LOCAL=YES)(ADDRESS=(PROTOCOL=beq)))'))(CONNECT_DATA=(SID=ORACLE)(CID=(PROGRAM=C:\ACS\G-ACCESS.exe)(HOST=AG)(USER=printer))))

  VERSION INFORMATION:
	TNS for 32-bit Windows: Version 8.1.6.0.0 - Production
	Oracle Bequeath NT Protocol Adapter for 32-bit Windows: Version 8.1.6.0.0 - Production
  Time: 25-SEP-2007 15:52:23
  Tracing not turned on.
  Tns error struct:
    nr err code: 0
    ns main err code: 12638
    TNS-12638: Credential retrieval failed
    ns secondary err code: 0
    nt main err code: 0
    nt secondary err code: 0
    nt OS err code: 0


***********************************************************************
Fatal NI connect error 12638, connecting to:
 (DESCRIPTION=(ADDRESS=(PROTOCOL=BEQ)(PROGRAM=oracle)(ARGV0=oracleORACLE)(ARGS='(DESCRIPTION=(LOCAL=YES)(ADDRESS=(PROTOCOL=beq)))'))(CONNECT_DATA=(SID=ORACLE)(CID=(PROGRAM=C:\ACS\G-ACCESS.exe)(HOST=AG)(USER=printer))))

  VERSION INFORMATION:
	TNS for 32-bit Windows: Version 8.1.6.0.0 - Production
	Oracle Bequeath NT Protocol Adapter for 32-bit Windows: Version 8.1.6.0.0 - Production
  Time: 25-SEP-2007 15:54:20
  Tracing not turned on.
  Tns error struct:
    nr err code: 0
    ns main err code: 12638
    TNS-12638: Credential retrieval failed
    ns secondary err code: 0
    nt main err code: 0
    nt secondary err code: 0
    nt OS err code: 0


***********************************************************************
Fatal NI connect error 12638, connecting to:
 (DESCRIPTION=(ADDRESS=(PROTOCOL=BEQ)(PROGRAM=oracle)(ARGV0=oracleORACLE)(ARGS='(DESCRIPTION=(LOCAL=YES)(ADDRESS=(PROTOCOL=beq)))'))(CONNECT_DATA=(SID=ORACLE)(CID=(PROGRAM=C:\ACS\G-ACCESS.exe)(HOST=AG)(USER=printer))))

  VERSION INFORMATION:
	TNS for 32-bit Windows: Version 8.1.6.0.0 - Production
	Oracle Bequeath NT Protocol Adapter for 32-bit Windows: Version 8.1.6.0.0 - Production
  Time: 25-SEP-2007 15:58:47
  Tracing not turned on.
  Tns error struct:
    nr err code: 0
    ns main err code: 12638
    TNS-12638: Credential retrieval failed
    ns secondary err code: 0
    nt main err code: 0
    nt secondary err code: 0
    nt OS err code: 0


***********************************************************************
Fatal NI connect error 12638, connecting to:
 (DESCRIPTION=(ADDRESS=(PROTOCOL=BEQ)(PROGRAM=oracle)(ARGV0=oracleORACLE)(ARGS='(DESCRIPTION=(LOCAL=YES)(ADDRESS=(PROTOCOL=beq)))'))(CONNECT_DATA=(SID=ORACLE)(CID=(PROGRAM=C:\ACS\G-ACCESS.exe)(HOST=AG)(USER=printer))))

  VERSION INFORMATION:
	TNS for 32-bit Windows: Version 8.1.6.0.0 - Production
	Oracle Bequeath NT Protocol Adapter for 32-bit Windows: Version 8.1.6.0.0 - Production
  Time: 20-OCT-2007 07:43:06
  Tracing not turned on.
  Tns error struct:
    nr err code: 0
    ns main err code: 12638
    TNS-12638: Credential retrieval failed
    ns secondary err code: 0
    nt main err code: 0
    nt secondary err code: 0
    nt OS err code: 0


***********************************************************************
Fatal NI connect error 12638, connecting to:
 (DESCRIPTION=(ADDRESS=(PROTOCOL=BEQ)(PROGRAM=oracle)(ARGV0=oracleORACLE)(ARGS='(DESCRIPTION=(LOCAL=YES)(ADDRESS=(PROTOCOL=beq)))'))(CONNECT_DATA=(SID=ORACLE)(CID=(PROGRAM=C:\ACS\G-ACCESS.exe)(HOST=AG)(USER=printer))))

  VERSION INFORMATION:
	TNS for 32-bit Windows: Version 8.1.6.0.0 - Production
	Oracle Bequeath NT Protocol Adapter for 32-bit Windows: Version 8.1.6.0.0 - Production
  Time: 20-OCT-2007 07:44:57
  Tracing not turned on.
  Tns error struct:
    nr err code: 0
    ns main err code: 12638
    TNS-12638: Credential retrieval failed
    ns secondary err code: 0
    nt main err code: 0
    nt secondary err code: 0
    nt OS err code: 0


***********************************************************************
Fatal NI connect error 12638, connecting to:
 (DESCRIPTION=(ADDRESS=(PROTOCOL=BEQ)(PROGRAM=oracle)(ARGV0=oracleORACLE)(ARGS='(DESCRIPTION=(LOCAL=YES)(ADDRESS=(PROTOCOL=beq)))'))(CONNECT_DATA=(SID=ORACLE)(CID=(PROGRAM=C:\ACS\G-ACCESS.exe)(HOST=AG)(USER=printer))))

  VERSION INFORMATION:
	TNS for 32-bit Windows: Version 8.1.6.0.0 - Production
	Oracle Bequeath NT Protocol Adapter for 32-bit Windows: Version 8.1.6.0.0 - Production
  Time: 20-OCT-2007 08:01:21
  Tracing not turned on.
  Tns error struct:
    nr err code: 0
    ns main err code: 12638
    TNS-12638: Credential retrieval failed
    ns secondary err code: 0
    nt main err code: 0
    nt secondary err code: 0
    nt OS err code: 0


***********************************************************************
Fatal NI connect error 12638, connecting to:
 (DESCRIPTION=(ADDRESS=(PROTOCOL=BEQ)(PROGRAM=oracle)(ARGV0=oracleORACLE)(ARGS='(DESCRIPTION=(LOCAL=YES)(ADDRESS=(PROTOCOL=beq)))'))(CONNECT_DATA=(SID=ORACLE)(CID=(PROGRAM=C:\ACS\G-ACCESS.exe)(HOST=AG)(USER=printer))))

  VERSION INFORMATION:
	TNS for 32-bit Windows: Version 8.1.6.0.0 - Production
	Oracle Bequeath NT Protocol Adapter for 32-bit Windows: Version 8.1.6.0.0 - Production
  Time: 20-OCT-2007 08:02:01
  Tracing not turned on.
  Tns error struct:
    nr err code: 0
    ns main err code: 12638
    TNS-12638: Credential retrieval failed
    ns secondary err code: 0
    nt main err code: 0
    nt secondary err code: 0
    nt OS err code: 0


***********************************************************************
Fatal NI connect error 12638, connecting to:
 (DESCRIPTION=(ADDRESS=(PROTOCOL=BEQ)(PROGRAM=oracle)(ARGV0=oracleORACLE)(ARGS='(DESCRIPTION=(LOCAL=YES)(ADDRESS=(PROTOCOL=beq)))'))(CONNECT_DATA=(SID=ORACLE)(CID=(PROGRAM=C:\ACS\G-ACCESS.exe)(HOST=AG)(USER=printer))))

  VERSION INFORMATION:
	TNS for 32-bit Windows: Version 8.1.6.0.0 - Production
	Oracle Bequeath NT Protocol Adapter for 32-bit Windows: Version 8.1.6.0.0 - Production
  Time: 20-OCT-2007 08:02:21
  Tracing not turned on.
  Tns error struct:
    nr err code: 0
    ns main err code: 12638
    TNS-12638: Credential retrieval failed
    ns secondary err code: 0
    nt main err code: 0
    nt secondary err code: 0
    nt OS err code: 0


***********************************************************************
Fatal NI connect error 12638, connecting to:
 (DESCRIPTION=(ADDRESS=(PROTOCOL=BEQ)(PROGRAM=oracle)(ARGV0=oracleORACLE)(ARGS='(DESCRIPTION=(LOCAL=YES)(ADDRESS=(PROTOCOL=beq)))'))(CONNECT_DATA=(SID=ORACLE)(CID=(PROGRAM=C:\ACS\G-ACCESS.exe)(HOST=AG)(USER=printer))))

  VERSION INFORMATION:
	TNS for 32-bit Windows: Version 8.1.6.0.0 - Production
	Oracle Bequeath NT Protocol Adapter for 32-bit Windows: Version 8.1.6.0.0 - Production
  Time: 20-OCT-2007 08:03:00
  Tracing not turned on.
  Tns error struct:
    nr err code: 0
    ns main err code: 12638
    TNS-12638: Credential retrieval failed
    ns secondary err code: 0
    nt main err code: 0
    nt secondary err code: 0
    nt OS err code: 0


***********************************************************************
Fatal NI connect error 12638, connecting to:
 (DESCRIPTION=(ADDRESS=(PROTOCOL=BEQ)(PROGRAM=oracle)(ARGV0=oracleORACLE)(ARGS='(DESCRIPTION=(LOCAL=YES)(ADDRESS=(PROTOCOL=beq)))'))(CONNECT_DATA=(SID=ORACLE)(CID=(PROGRAM=C:\ACS\G-ACCESS.exe)(HOST=AG)(USER=printer))))

  VERSION INFORMATION:
	TNS for 32-bit Windows: Version 8.1.6.0.0 - Production
	Oracle Bequeath NT Protocol Adapter for 32-bit Windows: Version 8.1.6.0.0 - Production
  Time: 20-OCT-2007 08:03:58
  Tracing not turned on.
  Tns error struct:
    nr err code: 0
    ns main err code: 12638
    TNS-12638: Credential retrieval failed
    ns secondary err code: 0
    nt main err code: 0
    nt secondary err code: 0
    nt OS err code: 0


***********************************************************************
Fatal NI connect error 12638, connecting to:
 (DESCRIPTION=(ADDRESS=(PROTOCOL=BEQ)(PROGRAM=oracle)(ARGV0=oracleORACLE)(ARGS='(DESCRIPTION=(LOCAL=YES)(ADDRESS=(PROTOCOL=beq)))'))(CONNECT_DATA=(SID=ORACLE)(CID=(PROGRAM=C:\ACS\G-ACCESS.exe)(HOST=AG)(USER=printer))))

  VERSION INFORMATION:
	TNS for 32-bit Windows: Version 8.1.6.0.0 - Production
	Oracle Bequeath NT Protocol Adapter for 32-bit Windows: Version 8.1.6.0.0 - Production
  Time: 20-OCT-2007 08:04:24
  Tracing not turned on.
  Tns error struct:
    nr err code: 0
    ns main err code: 12638
    TNS-12638: Credential retrieval failed
    ns secondary err code: 0
    nt main err code: 0
    nt secondary err code: 0
    nt OS err code: 0


***********************************************************************
Fatal NI connect error 12638, connecting to:
 (DESCRIPTION=(ADDRESS=(PROTOCOL=BEQ)(PROGRAM=oracle)(ARGV0=oracleORACLE)(ARGS='(DESCRIPTION=(LOCAL=YES)(ADDRESS=(PROTOCOL=beq)))'))(CONNECT_DATA=(SID=ORACLE)(CID=(PROGRAM=C:\ACS\G-ACCESS.exe)(HOST=AG)(USER=printer))))

  VERSION INFORMATION:
	TNS for 32-bit Windows: Version 8.1.6.0.0 - Production
	Oracle Bequeath NT Protocol Adapter for 32-bit Windows: Version 8.1.6.0.0 - Production
  Time: 20-OCT-2007 08:20:30
  Tracing not turned on.
  Tns error struct:
    nr err code: 0
    ns main err code: 12638
    TNS-12638: Credential retrieval failed
    ns secondary err code: 0
    nt main err code: 0
    nt secondary err code: 0
    nt OS err code: 0


***********************************************************************
Fatal NI connect error 12560, connecting to:
 (DESCRIPTION=(ADDRESS=(PROTOCOL=BEQ)(PROGRAM=oracle)(ARGV0=oracleORACLE)(ARGS='(DESCRIPTION=(LOCAL=YES)(ADDRESS=(PROTOCOL=beq)))'))(CONNECT_DATA=(SID=ORACLE)(CID=(PROGRAM=C:\ACS\G-ACCESS.exe)(HOST=AG)(USER=printer))))

  VERSION INFORMATION:
	TNS for 32-bit Windows: Version 8.1.6.0.0 - Production
	Oracle Bequeath NT Protocol Adapter for 32-bit Windows: Version 8.1.6.0.0 - Production
  Time: 20-APR-2008 06:31:17
  Tracing not turned on.
  Tns error struct:
    nr err code: 0
    ns main err code: 12560
    TNS-12560: TNS:protocol adapter error
    ns secondary err code: 0
    nt main err code: 530
    TNS-00530: Protocol adapter error
    nt secondary err code: 2
    nt OS err code: 0


***********************************************************************
Fatal NI connect error 12638, connecting to:
 (DESCRIPTION=(ADDRESS=(PROTOCOL=BEQ)(PROGRAM=oracle)(ARGV0=oracleORACLE)(ARGS='(DESCRIPTION=(LOCAL=YES)(ADDRESS=(PROTOCOL=beq)))'))(CONNECT_DATA=(SID=ORACLE)(CID=(PROGRAM=C:\ACS\G-ACCESS.exe)(HOST=ADMIN-CCC794A17)(USER=printer))))

  VERSION INFORMATION:
	TNS for 32-bit Windows: Version 8.1.6.0.0 - Production
	Oracle Bequeath NT Protocol Adapter for 32-bit Windows: Version 8.1.6.0.0 - Production
  Time: 06-JAN-2009 07:28:35
  Tracing not turned on.
  Tns error struct:
    nr err code: 0
    ns main err code: 12638
    TNS-12638: Credential retrieval failed
    ns secondary err code: 0
    nt main err code: 0
    nt secondary err code: 0
    nt OS err code: 0


***********************************************************************
Fatal NI connect error 12638, connecting to:
 (DESCRIPTION=(ADDRESS=(PROTOCOL=BEQ)(PROGRAM=oracle)(ARGV0=oracleORACLE)(ARGS='(DESCRIPTION=(LOCAL=YES)(ADDRESS=(PROTOCOL=beq)))'))(CONNECT_DATA=(SID=ORACLE)(CID=(PROGRAM=C:\ACS\G-ACCESS.exe)(HOST=ADMIN-CCC794A17)(USER=printer))))

  VERSION INFORMATION:
	TNS for 32-bit Windows: Version 8.1.6.0.0 - Production
	Oracle Bequeath NT Protocol Adapter for 32-bit Windows: Version 8.1.6.0.0 - Production
  Time: 06-JAN-2009 07:29:36
  Tracing not turned on.
  Tns error struct:
    nr err code: 0
    ns main err code: 12638
    TNS-12638: Credential retrieval failed
    ns secondary err code: 0
    nt main err code: 0
    nt secondary err code: 0
    nt OS err code: 0


***********************************************************************
Fatal NI connect error 12638, connecting to:
 (DESCRIPTION=(ADDRESS=(PROTOCOL=BEQ)(PROGRAM=oracle)(ARGV0=oracleORACLE)(ARGS='(DESCRIPTION=(LOCAL=YES)(ADDRESS=(PROTOCOL=beq)))'))(CONNECT_DATA=(SID=ORACLE)(CID=(PROGRAM=C:\ACS\G-ACCESS.exe)(HOST=ADMIN-CCC794A17)(USER=printer))))

  VERSION INFORMATION:
	TNS for 32-bit Windows: Version 8.1.6.0.0 - Production
	Oracle Bequeath NT Protocol Adapter for 32-bit Windows: Version 8.1.6.0.0 - Production
  Time: 22-MAR-2009 07:00:56
  Tracing not turned on.
  Tns error struct:
    nr err code: 0
    ns main err code: 12638
    TNS-12638: Credential retrieval failed
    ns secondary err code: 0
    nt main err code: 0
    nt secondary err code: 0
    nt OS err code: 0


***********************************************************************
Fatal NI connect error 12638, connecting to:
 (DESCRIPTION=(ADDRESS=(PROTOCOL=BEQ)(PROGRAM=oracle)(ARGV0=oracleORACLE)(ARGS='(DESCRIPTION=(LOCAL=YES)(ADDRESS=(PROTOCOL=beq)))'))(CONNECT_DATA=(SID=ORACLE)(CID=(PROGRAM=C:\ACS\G-ACCESS.exe)(HOST=ADMIN-CCC794A17)(USER=printer))))

  VERSION INFORMATION:
	TNS for 32-bit Windows: Version 8.1.6.0.0 - Production
	Oracle Bequeath NT Protocol Adapter for 32-bit Windows: Version 8.1.6.0.0 - Production
  Time: 22-MAR-2009 07:04:06
  Tracing not turned on.
  Tns error struct:
    nr err code: 0
    ns main err code: 12638
    TNS-12638: Credential retrieval failed
    ns secondary err code: 0
    nt main err code: 0
    nt secondary err code: 0
    nt OS err code: 0


***********************************************************************
Fatal NI connect error 12638, connecting to:
 (DESCRIPTION=(ADDRESS=(PROTOCOL=BEQ)(PROGRAM=oracle)(ARGV0=oracleORACLE)(ARGS='(DESCRIPTION=(LOCAL=YES)(ADDRESS=(PROTOCOL=beq)))'))(CONNECT_DATA=(SID=ORACLE)(CID=(PROGRAM=C:\ACS\G-ACCESS.exe)(HOST=ADMIN-CCC794A17)(USER=printer))))

  VERSION INFORMATION:
	TNS for 32-bit Windows: Version 8.1.6.0.0 - Production
	Oracle Bequeath NT Protocol Adapter for 32-bit Windows: Version 8.1.6.0.0 - Production
  Time: 22-MAR-2009 07:24:07
  Tracing not turned on.
  Tns error struct:
    nr err code: 0
    ns main err code: 12638
    TNS-12638: Credential retrieval failed
    ns secondary err code: 0
    nt main err code: 0
    nt secondary err code: 0
    nt OS err code: 0


***********************************************************************
Fatal NI connect error 12638, connecting to:
 (DESCRIPTION=(ADDRESS=(PROTOCOL=BEQ)(PROGRAM=oracle)(ARGV0=oracleORACLE)(ARGS='(DESCRIPTION=(LOCAL=YES)(ADDRESS=(PROTOCOL=beq)))'))(CONNECT_DATA=(SID=ORACLE)(CID=(PROGRAM=C:\ACS\G-ACCESS.exe)(HOST=ADMIN-CCC794A17)(USER=printer))))

  VERSION INFORMATION:
	TNS for 32-bit Windows: Version 8.1.6.0.0 - Production
	Oracle Bequeath NT Protocol Adapter for 32-bit Windows: Version 8.1.6.0.0 - Production
  Time: 22-MAR-2009 07:24:14
  Tracing not turned on.
  Tns error struct:
    nr err code: 0
    ns main err code: 12638
    TNS-12638: Credential retrieval failed
    ns secondary err code: 0
    nt main err code: 0
    nt secondary err code: 0
    nt OS err code: 0


***********************************************************************
Fatal NI connect error 12638, connecting to:
 (DESCRIPTION=(ADDRESS=(PROTOCOL=BEQ)(PROGRAM=oracle)(ARGV0=oracleORACLE)(ARGS='(DESCRIPTION=(LOCAL=YES)(ADDRESS=(PROTOCOL=beq)))'))(CONNECT_DATA=(SID=ORACLE)(CID=(PROGRAM=C:\ACS\G-ACCESS.exe)(HOST=ADMIN-CCC794A17)(USER=printer))))

  VERSION INFORMATION:
	TNS for 32-bit Windows: Version 8.1.6.0.0 - Production
	Oracle Bequeath NT Protocol Adapter for 32-bit Windows: Version 8.1.6.0.0 - Production
  Time: 22-MAR-2009 07:25:12
  Tracing not turned on.
  Tns error struct:
    nr err code: 0
    ns main err code: 12638
    TNS-12638: Credential retrieval failed
    ns secondary err code: 0
    nt main err code: 0
    nt secondary err code: 0
    nt OS err code: 0


***********************************************************************
Fatal NI connect error 12638, connecting to:
 (DESCRIPTION=(ADDRESS=(PROTOCOL=BEQ)(PROGRAM=oracle)(ARGV0=oracleORACLE)(ARGS='(DESCRIPTION=(LOCAL=YES)(ADDRESS=(PROTOCOL=beq)))'))(CONNECT_DATA=(SID=ORACLE)(CID=(PROGRAM=C:\ACS\G-ACCESS.exe)(HOST=ADMIN-CCC794A17)(USER=printer))))

  VERSION INFORMATION:
	TNS for 32-bit Windows: Version 8.1.6.0.0 - Production
	Oracle Bequeath NT Protocol Adapter for 32-bit Windows: Version 8.1.6.0.0 - Production
  Time: 22-MAR-2009 07:26:18
  Tracing not turned on.
  Tns error struct:
    nr err code: 0
    ns main err code: 12638
    TNS-12638: Credential retrieval failed
    ns secondary err code: 0
    nt main err code: 0
    nt secondary err code: 0
    nt OS err code: 0


***********************************************************************
Fatal NI connect error 12638, connecting to:
 (DESCRIPTION=(ADDRESS=(PROTOCOL=BEQ)(PROGRAM=oracle)(ARGV0=oracleORACLE)(ARGS='(DESCRIPTION=(LOCAL=YES)(ADDRESS=(PROTOCOL=beq)))'))(CONNECT_DATA=(SID=ORACLE)(CID=(PROGRAM=C:\ACS\G-ACCESS.exe)(HOST=ADMIN-CCC794A17)(USER=printer))))

  VERSION INFORMATION:
	TNS for 32-bit Windows: Version 8.1.6.0.0 - Production
	Oracle Bequeath NT Protocol Adapter for 32-bit Windows: Version 8.1.6.0.0 - Production
  Time: 22-MAR-2009 07:41:45
  Tracing not turned on.
  Tns error struct:
    nr err code: 0
    ns main err code: 12638
    TNS-12638: Credential retrieval failed
    ns secondary err code: 0
    nt main err code: 0
    nt secondary err code: 0
    nt OS err code: 0


***********************************************************************
Fatal NI connect error 12638, connecting to:
 (DESCRIPTION=(ADDRESS=(PROTOCOL=BEQ)(PROGRAM=oracle)(ARGV0=oracleORACLE)(ARGS='(DESCRIPTION=(LOCAL=YES)(ADDRESS=(PROTOCOL=beq)))'))(CONNECT_DATA=(SID=ORACLE)(CID=(PROGRAM=C:\ACS\G-ACCESS.exe)(HOST=ADMIN-CCC794A17)(USER=printer))))

  VERSION INFORMATION:
	TNS for 32-bit Windows: Version 8.1.6.0.0 - Production
	Oracle Bequeath NT Protocol Adapter for 32-bit Windows: Version 8.1.6.0.0 - Production
  Time: 22-MAR-2009 07:46:44
  Tracing not turned on.
  Tns error struct:
    nr err code: 0
    ns main err code: 12638
    TNS-12638: Credential retrieval failed
    ns secondary err code: 0
    nt main err code: 0
    nt secondary err code: 0
    nt OS err code: 0


***********************************************************************
Fatal NI connect error 12560, connecting to:
 (DESCRIPTION=(ADDRESS=(PROTOCOL=BEQ)(PROGRAM=oracle)(ARGV0=oracleORACLE)(ARGS='(DESCRIPTION=(LOCAL=YES)(ADDRESS=(PROTOCOL=beq)))'))(CONNECT_DATA=(SID=ORACLE)(CID=(PROGRAM=C:\ACS\G-ACCESS.exe)(HOST=ADMIN-CCC794A17)(USER=printer))))

  VERSION INFORMATION:
	TNS for 32-bit Windows: Version 8.1.6.0.0 - Production
	Oracle Bequeath NT Protocol Adapter for 32-bit Windows: Version 8.1.6.0.0 - Production
  Time: 21-APR-2009 08:07:58
  Tracing not turned on.
  Tns error struct:
    nr err code: 0
    ns main err code: 12560
    TNS-12560: TNS:protocol adapter error
    ns secondary err code: 0
    nt main err code: 530
    TNS-00530: Protocol adapter error
    nt secondary err code: 2
    nt OS err code: 0


***********************************************************************
Fatal NI connect error 12560, connecting to:
 (DESCRIPTION=(ADDRESS=(PROTOCOL=BEQ)(PROGRAM=oracle)(ARGV0=oracleORACLE)(ARGS='(DESCRIPTION=(LOCAL=YES)(ADDRESS=(PROTOCOL=beq)))'))(CONNECT_DATA=(SID=ORACLE)(CID=(PROGRAM=C:\ACS\G-ACCESS.exe)(HOST=ADMIN-CCC794A17)(USER=printer))))

  VERSION INFORMATION:
	TNS for 32-bit Windows: Version 8.1.6.0.0 - Production
	Oracle Bequeath NT Protocol Adapter for 32-bit Windows: Version 8.1.6.0.0 - Production
  Time: 10-MAY-2009 19:59:50
  Tracing not turned on.
  Tns error struct:
    nr err code: 0
    ns main err code: 12560
    TNS-12560: TNS:protocol adapter error
    ns secondary err code: 0
    nt main err code: 530
    TNS-00530: Protocol adapter error
    nt secondary err code: 2
    nt OS err code: 0


***********************************************************************
Fatal NI connect error 12560, connecting to:
 (DESCRIPTION=(ADDRESS=(PROTOCOL=BEQ)(PROGRAM=oracle)(ARGV0=oracleORACLE)(ARGS='(DESCRIPTION=(LOCAL=YES)(ADDRESS=(PROTOCOL=beq)))'))(CONNECT_DATA=(SID=ORACLE)(CID=(PROGRAM=C:\ACS\G-ACCESS.exe)(HOST=ADMIN-CCC794A17)(USER=printer))))

  VERSION INFORMATION:
	TNS for 32-bit Windows: Version 8.1.6.0.0 - Production
	Oracle Bequeath NT Protocol Adapter for 32-bit Windows: Version 8.1.6.0.0 - Production
  Time: 08-JUN-2009 07:02:21
  Tracing not turned on.
  Tns error struct:
    nr err code: 0
    ns main err code: 12560
    TNS-12560: TNS:protocol adapter error
    ns secondary err code: 0
    nt main err code: 530
    TNS-00530: Protocol adapter error
    nt secondary err code: 2
    nt OS err code: 0


***********************************************************************
Fatal NI connect error 12560, connecting to:
 (DESCRIPTION=(ADDRESS=(PROTOCOL=BEQ)(PROGRAM=oracle)(ARGV0=oracleORACLE)(ARGS='(DESCRIPTION=(LOCAL=YES)(ADDRESS=(PROTOCOL=beq)))'))(CONNECT_DATA=(SID=ORACLE)(CID=(PROGRAM=C:\ACS\G-ACCESS.exe)(HOST=ADMIN-CCC794A17)(USER=printer))))

  VERSION INFORMATION:
	TNS for 32-bit Windows: Version 8.1.6.0.0 - Production
	Oracle Bequeath NT Protocol Adapter for 32-bit Windows: Version 8.1.6.0.0 - Production
  Time: 04-AUG-2009 18:41:48
  Tracing not turned on.
  Tns error struct:
    nr err code: 0
    ns main err code: 12560
    TNS-12560: TNS:protocol adapter error
    ns secondary err code: 0
    nt main err code: 530
    TNS-00530: Protocol adapter error
    nt secondary err code: 2
    nt OS err code: 0


***********************************************************************
Fatal NI connect error 12560, connecting to:
 (DESCRIPTION=(ADDRESS=(PROTOCOL=BEQ)(PROGRAM=oracle)(ARGV0=oracleORACLE)(ARGS='(DESCRIPTION=(LOCAL=YES)(ADDRESS=(PROTOCOL=beq)))'))(CONNECT_DATA=(SID=ORACLE)(CID=(PROGRAM=C:\ACS\G-ACCESS.exe)(HOST=ADMIN-CCC794A17)(USER=printer))))

  VERSION INFORMATION:
	TNS for 32-bit Windows: Version 8.1.6.0.0 - Production
	Oracle Bequeath NT Protocol Adapter for 32-bit Windows: Version 8.1.6.0.0 - Production
  Time: 09-NOV-2009 07:50:46
  Tracing not turned on.
  Tns error struct:
    nr err code: 0
    ns main err code: 12560
    TNS-12560: TNS:protocol adapter error
    ns secondary err code: 0
    nt main err code: 530
    TNS-00530: Protocol adapter error
    nt secondary err code: 203
    nt OS err code: 0


***********************************************************************
Fatal NI connect error 12560, connecting to:
 (DESCRIPTION=(ADDRESS=(PROTOCOL=BEQ)(PROGRAM=oracle)(ARGV0=oracleORACLE)(ARGS='(DESCRIPTION=(LOCAL=YES)(ADDRESS=(PROTOCOL=beq)))'))(CONNECT_DATA=(SID=ORACLE)(CID=(PROGRAM=C:\ACS\G-ACCESS.exe)(HOST=ADMIN-CCC794A17)(USER=Administrator))))

  VERSION INFORMATION:
	TNS for 32-bit Windows: Version 8.1.6.0.0 - Production
	Oracle Bequeath NT Protocol Adapter for 32-bit Windows: Version 8.1.6.0.0 - Production
  Time: 07-SEP-2010 09:00:55
  Tracing not turned on.
  Tns error struct:
    nr err code: 0
    ns main err code: 12560
    TNS-12560: TNS:protocol adapter error
    ns secondary err code: 0
    nt main err code: 530
    TNS-00530: Protocol adapter error
    nt secondary err code: 2
    nt OS err code: 0


***********************************************************************
Fatal NI connect error 12560, connecting to:
 (DESCRIPTION=(ADDRESS=(PROTOCOL=BEQ)(PROGRAM=oracle)(ARGV0=oracleORACLE)(ARGS='(DESCRIPTION=(LOCAL=YES)(ADDRESS=(PROTOCOL=beq)))'))(CONNECT_DATA=(SID=ORACLE)(CID=(PROGRAM=C:\ACS\G-ACCESS.exe)(HOST=ADMIN-CCC794A17)(USER=Administrator))))

  VERSION INFORMATION:
	TNS for 32-bit Windows: Version 8.1.6.0.0 - Production
	Oracle Bequeath NT Protocol Adapter for 32-bit Windows: Version 8.1.6.0.0 - Production
  Time: 21-NOV-2010 06:36:40
  Tracing not turned on.
  Tns error struct:
    nr err code: 0
    ns main err code: 12560
    TNS-12560: TNS:protocol adapter error
    ns secondary err code: 0
    nt main err code: 530
    TNS-00530: Protocol adapter error
    nt secondary err code: 2
    nt OS err code: 0


***********************************************************************
Fatal NI connect error 12560, connecting to:
 (DESCRIPTION=(ADDRESS=(PROTOCOL=BEQ)(PROGRAM=oracle)(ARGV0=oracleORACLE)(ARGS='(DESCRIPTION=(LOCAL=YES)(ADDRESS=(PROTOCOL=beq)))'))(CONNECT_DATA=(SID=ORACLE)(CID=(PROGRAM=C:\ACS\G-ACCESS.exe)(HOST=ADMIN-CCC794A17)(USER=Administrator))))

  VERSION INFORMATION:
	TNS for 32-bit Windows: Version 8.1.6.0.0 - Production
	Oracle Bequeath NT Protocol Adapter for 32-bit Windows: Version 8.1.6.0.0 - Production
  Time: 12-JUN-2011 07:32:38
  Tracing not turned on.
  Tns error struct:
    nr err code: 0
    ns main err code: 12560
    TNS-12560: TNS:protocol adapter error
    ns secondary err code: 0
    nt main err code: 530
    TNS-00530: Protocol adapter error
    nt secondary err code: 2
    nt OS err code: 0


***********************************************************************
Fatal NI connect error 12560, connecting to:
 (DESCRIPTION=(ADDRESS=(PROTOCOL=BEQ)(PROGRAM=oracle)(ARGV0=oracleORACLE)(ARGS='(DESCRIPTION=(LOCAL=YES)(ADDRESS=(PROTOCOL=beq)))'))(CONNECT_DATA=(SID=ORACLE)(CID=(PROGRAM=C:\ACS\G-ACCESS.exe)(HOST=ADMIN-CCC794A17)(USER=Administrator))))

  VERSION INFORMATION:
	TNS for 32-bit Windows: Version 8.1.6.0.0 - Production
	Oracle Bequeath NT Protocol Adapter for 32-bit Windows: Version 8.1.6.0.0 - Production
  Time: 12-JUN-2011 07:32:46
  Tracing not turned on.
  Tns error struct:
    nr err code: 0
    ns main err code: 12560
    TNS-12560: TNS:protocol adapter error
    ns secondary err code: 0
    nt main err code: 530
    TNS-00530: Protocol adapter error
    nt secondary err code: 2
    nt OS err code: 0


***********************************************************************
Fatal NI connect error 12560, connecting to:
 (DESCRIPTION=(ADDRESS=(PROTOCOL=BEQ)(PROGRAM=oracle)(ARGV0=oracleORACLE)(ARGS='(DESCRIPTION=(LOCAL=YES)(ADDRESS=(PROTOCOL=beq)))'))(CONNECT_DATA=(SID=ORACLE)(CID=(PROGRAM=C:\ACS\G-ACCESS.exe)(HOST=ADMIN-CCC794A17)(USER=Administrator))))

  VERSION INFORMATION:
	TNS for 32-bit Windows: Version 8.1.6.0.0 - Production
	Oracle Bequeath NT Protocol Adapter for 32-bit Windows: Version 8.1.6.0.0 - Production
eq)))'))(CONNECT_DATA=(SID=ORACLE)(CID=(PROGRAM=C:\ACS\G-ACCESS.exe)(HOST=ADMIN-CCC794A17)(USER=Administrator))))

  VERSION INFORMATION:
	TNS for 32-bit Windows: Version 8.1.6.0.0 - Production
	Oracle Bequeath NT Protocol Adapter for 32-bit Windows: Version 8.1.6.0.0 - Production
  Time: 13-NOV-2011 07:05:06
  Tracing not turned on.
  Tns error struct:
    nr err code: 0
    ns main err code: 12560
      Time: 13-NOV-2011 07:05:06
  Tracing not turned on.
  Tns error struct:
    nr err code: 0
    ns main err code: 12560
    TNS-12560: TNS:protocol adapter error
    ns secondary err code: 0
    nt main err code: 530
    TNS-00530: Protocol adapter error
    nt secondary err code: 2
    nt OS err code: 0
TNS-12560: TNS:protocol adapter error
    ns secondary err code: 0
    nt main err code: 530
    TNS-00530: Protocol adapter error
    nt secondary err code: 2
    nt OS err code: 0


***********************************************************************
Fatal NI connect error 12560, connecting to:
 (DESCRIPTION=(ADDRESS=(PROTOCOL=BEQ)(PROGRAM=oracle)(ARGV0=oracleORACLE)(ARGS='(DESCRIPTION=(LOCAL=YES)(ADDRESS=(PROTOCOL=beq)))'))(CONNECT_DATA=(SID=ORACLE)(CID=(PROGRAM=C:\ACS\G-ACCESS.exe)(HOST=ADMIN-CCC794A17)(USER=Administrator))))

  VERSION INFORMATION:
	TNS for 32-bit Windows: Version 8.1.6.0.0 - Production
	Oracle Bequeath NT Protocol Adapter for 32-bit Windows: Version 8.1.6.0.0 - Production
  Time: 13-NOV-2011 07:05:07
  Tracing not turned on.
  Tns error struct:
    nr err code: 0
    ns main err code: 12560
    TNS-12560: TNS:protocol adapter error
    ns secondary err code: 0
    nt main err code: 530
    TNS-00530: Protocol adapter error
    nt secondary err code: 2
    nt OS err code: 0


***********************************************************************
Fatal NI connect error 12560, connecting to:
 (DESCRIPTION=(ADDRESS=(PROTOCOL=BEQ)(PROGRAM=oracle)(ARGV0=oracleORACLE)(ARGS='(DESCRIPTION=(LOCAL=YES)(ADDRESS=(PROTOCOL=beq)))'))(CONNECT_DATA=(SID=ORACLE)(CID=(PROGRAM=C:\ACS\G-ACCESS.exe)(HOST=ADMIN-CCC794A17)(USER=Administrator))))

  VERSION INFORMATION:
	TNS for 32-bit Windows: Version 8.1.6.0.0 - Production
	Oracle Bequeath NT Protocol Adapter for 32-bit Windows: Version 8.1.6.0.0 - Production
  Time: 13-NOV-2011 07:17:18
  Tracing not turned on.
  Tns error struct:
    nr err code: 0
    ns main err code: 12560
    TNS-12560: TNS:protocol adapter error
    ns secondary err code: 0
    nt main err code: 530
    TNS-00530: Protocol adapter error
    nt secondary err code: 2
    nt OS err code: 0


***********************************************************************
Fatal NI connect error 12560, connecting to:
 (DESCRIPTION=(ADDRESS=(PROTOCOL=BEQ)(PROGRAM=oracle)(ARGV0=oracleORACLE)(ARGS='(DESCRIPTION=(LOCAL=YES)(ADDRESS=(PROTOCOL=beq)))'))(CONNECT_DATA=(SID=ORACLE)(CID=(PROGRAM=C:\ACS\G-ACCESS.exe)(HOST=ADMIN-CCC794A17)(USER=Administrator))))

  VERSION INFORMATION:
	TNS for 32-bit Windows: Version 8.1.6.0.0 - Production
	Oracle Bequeath NT Protocol Adapter for 32-bit Windows: Version 8.1.6.0.0 - Production
  Time: 13-NOV-2011 07:17:24
  Tracing not turned on.
  Tns error struct:
    nr err code: 0
    ns main err code: 12560
    TNS-12560: TNS:protocol adapter error
    ns secondary err code: 0
    nt main err code: 530
    TNS-00530: Protocol adapter error
    nt secondary err code: 2
    nt OS err code: 0


***********************************************************************
Fatal NI connect error 12560, connecting to:
 (DESCRIPTION=(ADDRESS=(PROTOCOL=BEQ)(PROGRAM=oracle)(ARGV0=oracleORACLE)(ARGS='(DESCRIPTION=(LOCAL=YES)(ADDRESS=(PROTOCOL=beq)))'))(CONNECT_DATA=(SID=ORACLE)(CID=(PROGRAM=C:\ACS\G-ACCESS.exe)(HOST=ADMIN-CCC794A17)(USER=Administrator))))

  VERSION INFORMATION:
	TNS for 32-bit Windows: Version 8.1.6.0.0 - Production
	Oracle Bequeath NT Protocol Adapter for 32-bit Windows: Version 8.1.6.0.0 - Production
  Time: 13-NOV-2011 07:17:52
  Tracing not turned on.
  Tns error struct:
    nr err code: 0
    ns main err code: 12560
    TNS-12560: TNS:protocol adapter error
    ns secondary err code: 0
    nt main err code: 530
    TNS-00530: Protocol adapter error
    nt secondary err code: 2
    nt OS err code: 0


***********************************************************************
Fatal NI connect error 12560, connecting to:
 (DESCRIPTION=(ADDRESS=(PROTOCOL=BEQ)(PROGRAM=oracle)(ARGV0=oracleORACLE)(ARGS='(DESCRIPTION=(LOCAL=YES)(ADDRESS=(PROTOCOL=beq)))'))(CONNECT_DATA=(SID=ORACLE)(CID=(PROGRAM=C:\ACS\G-ACCESS.exe)(HOST=ADMIN-CCC794A17)(USER=Administrator))))

  VERSION INFORMATION:
	TNS for 32-bit Windows: Version 8.1.6.0.0 - Production
	Oracle Bequeath NT Protocol Adapter for 32-bit Windows: Version 8.1.6.0.0 - Production
  Time: 13-NOV-2011 07:20:44
  Tracing not turned on.
  Tns error struct:
    nr err code: 0
    ns main err code: 12560
    TNS-12560: TNS:protocol adapter error
    ns secondary err code: 0
    nt main err code: 530
    TNS-00530: Protocol adapter error
    nt secondary err code: 2
    nt OS err code: 0


***********************************************************************
Fatal NI connect error 12560, connecting to:
 (DESCRIPTION=(ADDRESS=(PROTOCOL=BEQ)(PROGRAM=oracle)(ARGV0=oracleORACLE)(ARGS='(DESCRIPTION=(LOCAL=YES)(ADDRESS=(PROTOCOL=beq)))'))(CONNECT_DATA=(SID=ORACLE)(CID=(PROGRAM=C:\ACS\G-ACCESS.exe)(HOST=ADMIN-CCC794A17)(USER=Administrator))))

  VERSION INFORMATION:
	TNS for 32-bit Windows: Version 8.1.6.0.0 - Production
	Oracle Bequeath NT Protocol Adapter for 32-bit Windows: Version 8.1.6.0.0 - Production
  Time: 13-NOV-2011 08:06:01
  Tracing not turned on.
  Tns error struct:
    nr err code: 0
    ns main err code: 12560
    TNS-12560: TNS:protocol adapter error
    ns secondary err code: 0
    nt main err code: 530
    TNS-00530: Protocol adapter error
    nt secondary err code: 2
    nt OS err code: 0


***********************************************************************
Fatal NI connect error 12560, connecting to:
 (DESCRIPTION=(ADDRESS=(PROTOCOL=BEQ)(PROGRAM=oracle)(ARGV0=oracleORACLE)(ARGS='(DESCRIPTION=(LOCAL=YES)(ADDRESS=(PROTOCOL=beq)))'))(CONNECT_DATA=(SID=ORACLE)(CID=(PROGRAM=C:\ACS\G-ACCESS.exe)(HOST=ADMIN-CCC794A17)(USER=Administrator))))

  VERSION INFORMATION:
	TNS for 32-bit Windows: Version 8.1.6.0.0 - Production
	Oracle Bequeath NT Protocol Adapter for 32-bit Windows: Version 8.1.6.0.0 - Production
  Time: 13-NOV-2011 08:21:22
  Tracing not turned on.
  Tns error struct:
    nr err code: 0
    ns main err code: 12560
    TNS-12560: TNS:protocol adapter error
    ns secondary err code: 0
    nt main err code: 530
    TNS-00530: Protocol adapter error
    nt secondary err code: 2
    nt OS err code: 0


***********************************************************************
Fatal NI connect error 12638, connecting to:
 (DESCRIPTION=(ADDRESS=(PROTOCOL=BEQ)(PROGRAM=oracle)(ARGV0=oracleORACLE)(ARGS='(DESCRIPTION=(LOCAL=YES)(ADDRESS=(PROTOCOL=beq)))'))(CONNECT_DATA=(SID=ORACLE)(CID=(PROGRAM=C:\ACS\G-ACCESS.exe)(HOST=ATTENDANCEPC)(USER=Administrator))))

  VERSION INFORMATION:
	TNS for 32-bit Windows: Version 8.1.6.0.0 - Production
	Oracle Bequeath NT Protocol Adapter for 32-bit Windows: Version 8.1.6.0.0 - Production
  Time: 04-APR-2013 08:03:44
  Tracing not turned on.
  Tns error struct:
    nr err code: 0
    ns main err code: 12638
    TNS-12638: Credential retrieval failed
    ns secondary err code: 0
    nt main err code: 0
    nt secondary err code: 0
    nt OS err code: 0


***********************************************************************
Fatal NI connect error 12638, connecting to:
 (DESCRIPTION=(ADDRESS=(PROTOCOL=BEQ)(PROGRAM=oracle)(ARGV0=oracleORACLE)(ARGS='(DESCRIPTION=(LOCAL=YES)(ADDRESS=(PROTOCOL=beq)))'))(CONNECT_DATA=(SID=ORACLE)(CID=(PROGRAM=C:\ACS\G-ACCESS.exe)(HOST=ATTENDANCEPC)(USER=Administrator))))

  VERSION INFORMATION:
	TNS for 32-bit Windows: Version 8.1.6.0.0 - Production
	Oracle Bequeath NT Protocol Adapter for 32-bit Windows: Version 8.1.6.0.0 - Production
  Time: 04-APR-2013 08:04:11
  Tracing not turned on.
  Tns error struct:
    nr err code: 0
    ns main err code: 12638
    TNS-12638: Credential retrieval failed
    ns secondary err code: 0
    nt main err code: 0
    nt secondary err code: 0
    nt OS err code: 0


***********************************************************************
Fatal NI connect error 12638, connecting to:
 (DESCRIPTION=(ADDRESS=(PROTOCOL=BEQ)(PROGRAM=oracle)(ARGV0=oracleORACLE)(ARGS='(DESCRIPTION=(LOCAL=YES)(ADDRESS=(PROTOCOL=beq)))'))(CONNECT_DATA=(SID=ORACLE)(CID=(PROGRAM=C:\ACS\G-ACCESS.exe)(HOST=ATTENDANCEPC)(USER=Administrator))))

  VERSION INFORMATION:
	TNS for 32-bit Windows: Version 8.1.6.0.0 - Production
	Oracle Bequeath NT Protocol Adapter for 32-bit Windows: Version 8.1.6.0.0 - Production
  Time: 04-APR-2013 08:04:43
  Tracing not turned on.
  Tns error struct:
    nr err code: 0
    ns main err code: 12638
    TNS-12638: Credential retrieval failed
    ns secondary err code: 0
    nt main err code: 0
    nt secondary err code: 0
    nt OS err code: 0


***********************************************************************
Fatal NI connect error 12638, connecting to:
 (DESCRIPTION=(ADDRESS=(PROTOCOL=BEQ)(PROGRAM=oracle)(ARGV0=oracleORACLE)(ARGS='(DESCRIPTION=(LOCAL=YES)(ADDRESS=(PROTOCOL=beq)))'))(CONNECT_DATA=(SID=ORACLE)(CID=(PROGRAM=C:\ACS\G-ACCESS.exe)(HOST=ATTENDANCEPC)(USER=Administrator))))

  VERSION INFORMATION:
	TNS for 32-bit Windows: Version 8.1.6.0.0 - Production
	Oracle Bequeath NT Protocol Adapter for 32-bit Windows: Version 8.1.6.0.0 - Production
  Time: 04-APR-2013 08:08:57
  Tracing not turned on.
  Tns error struct:
    nr err code: 0
    ns main err code: 12638
    TNS-12638: Credential retrieval failed
    ns secondary err code: 0
    nt main err code: 0
    nt secondary err code: 0
    nt OS err code: 0


***********************************************************************
Fatal NI connect error 12638, connecting to:
 (DESCRIPTION=(ADDRESS=(PROTOCOL=BEQ)(PROGRAM=oracle)(ARGV0=oracleORACLE)(ARGS='(DESCRIPTION=(LOCAL=YES)(ADDRESS=(PROTOCOL=beq)))'))(CONNECT_DATA=(SID=ORACLE)(CID=(PROGRAM=C:\ACS\G-ACCESS.exe)(HOST=ATTENDANCEPC)(USER=Administrator))))

  VERSION INFORMATION:
	TNS for 32-bit Windows: Version 8.1.6.0.0 - Production
	Oracle Bequeath NT Protocol Adapter for 32-bit Windows: Version 8.1.6.0.0 - Production
  Time: 04-APR-2013 08:29:06
  Tracing not turned on.
  Tns error struct:
    nr err code: 0
    ns main err code: 12638
    TNS-12638: Credential retrieval failed
    ns secondary err code: 0
    nt main err code: 0
    nt secondary err code: 0
    nt OS err code: 0


***********************************************************************
Fatal NI connect error 12638, connecting to:
 (DESCRIPTION=(ADDRESS=(PROTOCOL=BEQ)(PROGRAM=oracle)(ARGV0=oracleORACLE)(ARGS='(DESCRIPTION=(LOCAL=YES)(ADDRESS=(PROTOCOL=beq)))'))(CONNECT_DATA=(SID=ORACLE)(CID=(PROGRAM=C:\ACS\G-ACCESS.exe)(HOST=ATTENDANCEPC)(USER=Administrator))))

  VERSION INFORMATION:
	TNS for 32-bit Windows: Version 8.1.6.0.0 - Production
	Oracle Bequeath NT Protocol Adapter for 32-bit Windows: Version 8.1.6.0.0 - Production
  Time: 29-APR-2013 07:19:53
  Tracing not turned on.
  Tns error struct:
    nr err code: 0
    ns main err code: 12638
    TNS-12638: Credential retrieval failed
    ns secondary err code: 0
    nt main err code: 0
    nt secondary err code: 0
    nt OS err code: 0


***********************************************************************
Fatal NI connect error 12638, connecting to:
 (DESCRIPTION=(ADDRESS=(PROTOCOL=BEQ)(PROGRAM=oracle)(ARGV0=oracleORACLE)(ARGS='(DESCRIPTION=(LOCAL=YES)(ADDRESS=(PROTOCOL=beq)))'))(CONNECT_DATA=(SID=ORACLE)(CID=(PROGRAM=C:\ACS\G-ACCESS.exe)(HOST=ATTENDANCEPC)(USER=Administrator))))

  VERSION INFORMATION:
	TNS for 32-bit Windows: Version 8.1.6.0.0 - Production
	Oracle Bequeath NT Protocol Adapter for 32-bit Windows: Version 8.1.6.0.0 - Production
  Time: 29-APR-2013 07:20:28
  Tracing not turned on.
  Tns error struct:
    nr err code: 0
    ns main err code: 12638
    TNS-12638: Credential retrieval failed
    ns secondary err code: 0
    nt main err code: 0
    nt secondary err code: 0
    nt OS err code: 0


***********************************************************************
Fatal NI connect error 12638, connecting to:
 (DESCRIPTION=(ADDRESS=(PROTOCOL=BEQ)(PROGRAM=oracle)(ARGV0=oracleORACLE)(ARGS='(DESCRIPTION=(LOCAL=YES)(ADDRESS=(PROTOCOL=beq)))'))(CONNECT_DATA=(SID=ORACLE)(CID=(PROGRAM=C:\ACS\G-ACCESS.exe)(HOST=ATTENDANCEPC)(USER=Administrator))))

  VERSION INFORMATION:
	TNS for 32-bit Windows: Version 8.1.6.0.0 - Production
	Oracle Bequeath NT Protocol Adapter for 32-bit Windows: Version 8.1.6.0.0 - Production
  Time: 29-APR-2013 07:21:03
  Tracing not turned on.
  Tns error struct:
    nr err code: 0
    ns main err code: 12638
    TNS-12638: Credential retrieval failed
    ns secondary err code: 0
    nt main err code: 0
    nt secondary err code: 0
    nt OS err code: 0


***********************************************************************
Fatal NI connect error 12638, connecting to:
 (DESCRIPTION=(ADDRESS=(PROTOCOL=BEQ)(PROGRAM=oracle)(ARGV0=oracleORACLE)(ARGS='(DESCRIPTION=(LOCAL=YES)(ADDRESS=(PROTOCOL=beq)))'))(CONNECT_DATA=(SID=ORACLE)(CID=(PROGRAM=C:\ACS\G-ACCESS.exe)(HOST=ATTENDANCEPC)(USER=Administrator))))

  VERSION INFORMATION:
	TNS for 32-bit Windows: Version 8.1.6.0.0 - Production
	Oracle Bequeath NT Protocol Adapter for 32-bit Windows: Version 8.1.6.0.0 - Production
  Time: 29-APR-2013 07:45:55
  Tracing not turned on.
  Tns error struct:
    nr err code: 0
    ns main err code: 12638
    TNS-12638: Credential retrieval failed
    ns secondary err code: 0
    nt main err code: 0
    nt secondary err code: 0
    nt OS err code: 0


***********************************************************************
Fatal NI connect error 12638, connecting to:
 (DESCRIPTION=(ADDRESS=(PROTOCOL=BEQ)(PROGRAM=oracle)(ARGV0=oracleORACLE)(ARGS='(DESCRIPTION=(LOCAL=YES)(ADDRESS=(PROTOCOL=beq)))'))(CONNECT_DATA=(SID=ORACLE)(CID=(PROGRAM=C:\ACS\G-ACCESS.exe)(HOST=ATTENDANCEPC)(USER=Administrator))))

  VERSION INFORMATION:
	TNS for 32-bit Windows: Version 8.1.6.0.0 - Production
	Oracle Bequeath NT Protocol Adapter for 32-bit Windows: Version 8.1.6.0.0 - Production
  Time: 29-APR-2013 08:49:36
  Tracing not turned on.
  Tns error struct:
    nr err code: 0
    ns main err code: 12638
    TNS-12638: Credential retrieval failed
    ns secondary err code: 0
    nt main err code: 0
    nt secondary err code: 0
    nt OS err code: 0


***********************************************************************
Fatal NI connect error 12560, connecting to:
 (DESCRIPTION=(ADDRESS=(PROTOCOL=BEQ)(PROGRAM=oracle)(ARGV0=oracleORACLE)(ARGS='(DESCRIPTION=(LOCAL=YES)(ADDRESS=(PROTOCOL=beq)))'))(CONNECT_DATA=(SID=ORACLE)(CID=(PROGRAM=C:\ACS\G-ACCESS.exe)(HOST=ATTENDANCEPC)(USER=n.salih))))

  VERSION INFORMATION:
	TNS for 32-bit Windows: Version 8.1.6.0.0 - Production
	Oracle Bequeath NT Protocol Adapter for 32-bit Windows: Version 8.1.6.0.0 - Production
  Time: 31-JUL-2013 10:45:06
  Tracing not turned on.
  Tns error struct:
    nr err code: 0
    ns main err code: 12560
    TNS-12560: TNS:protocol adapter error
    ns secondary err code: 0
    nt main err code: 530
    TNS-00530: Protocol adapter error
    nt secondary err code: 2
    nt OS err code: 0
